c:\users\utilisateur\desktop\tps\inf8702\tp2\tp2\debug\vc142.pdb
c:\users\utilisateur\desktop\tps\inf8702\tp2\tp2\debug\vc142.idb
c:\users\utilisateur\desktop\tps\inf8702\tp2\tp2\debug\gazon.obj
c:\users\utilisateur\desktop\tps\inf8702\tp2\tp2\debug\grillequads.obj
c:\users\utilisateur\desktop\tps\inf8702\tp2\tp2\debug\lumiere.obj
c:\users\utilisateur\desktop\tps\inf8702\tp2\tp2\debug\main.obj
c:\users\utilisateur\desktop\tps\inf8702\tp2\tp2\debug\materiau.obj
c:\users\utilisateur\desktop\tps\inf8702\tp2\tp2\debug\modele3dabstrait.obj
c:\users\utilisateur\desktop\tps\inf8702\tp2\tp2\debug\modele3dobj.obj
c:\users\utilisateur\desktop\tps\inf8702\tp2\tp2\debug\nuanceurprog.obj
c:\users\utilisateur\desktop\tps\inf8702\tp2\tp2\debug\objparser.obj
c:\users\utilisateur\desktop\tps\inf8702\tp2\tp2\debug\parsertextabstrait.obj
c:\users\utilisateur\desktop\tps\inf8702\tp2\tp2\debug\stringutils.obj
c:\users\utilisateur\desktop\tps\inf8702\tp2\tp2\debug\vecteur3.obj
c:\users\utilisateur\desktop\tps\inf8702\tp2\tp2\debug\skybox.obj
c:\users\utilisateur\desktop\tps\inf8702\tp2\tp2\debug\surfacebsplinaire.obj
c:\users\utilisateur\desktop\tps\inf8702\tp2\tp2\debug\texture2d.obj
c:\users\utilisateur\desktop\tps\inf8702\tp2\tp2\debug\textureabstraite.obj
c:\users\utilisateur\desktop\tps\inf8702\tp2\tp2\debug\texturecubemap.obj
c:\users\utilisateur\desktop\tps\inf8702\tp2\tp2\debug\var.obj
c:\users\utilisateur\desktop\tps\inf8702\tp2\tp2\debug\noise.obj
c:\users\utilisateur\desktop\tps\inf8702\tp2\tp2\debug\textfile.obj
c:\users\utilisateur\desktop\tps\inf8702\tp2\tp2\debug\cst.obj
c:\users\utilisateur\desktop\tps\inf8702\cg\tp2\debug\vc142.pdb
c:\users\utilisateur\desktop\tps\inf8702\cg\tp2\debug\vc142.idb
c:\users\utilisateur\desktop\tps\inf8702\cg\tp2\debug\gazon.obj
c:\users\utilisateur\desktop\tps\inf8702\cg\tp2\debug\grillequads.obj
c:\users\utilisateur\desktop\tps\inf8702\cg\tp2\debug\lumiere.obj
c:\users\utilisateur\desktop\tps\inf8702\cg\tp2\debug\main.obj
c:\users\utilisateur\desktop\tps\inf8702\cg\tp2\debug\materiau.obj
c:\users\utilisateur\desktop\tps\inf8702\cg\tp2\debug\modele3dabstrait.obj
c:\users\utilisateur\desktop\tps\inf8702\cg\tp2\debug\modele3dobj.obj
c:\users\utilisateur\desktop\tps\inf8702\cg\tp2\debug\nuanceurprog.obj
c:\users\utilisateur\desktop\tps\inf8702\cg\tp2\debug\objparser.obj
c:\users\utilisateur\desktop\tps\inf8702\cg\tp2\debug\parsertextabstrait.obj
c:\users\utilisateur\desktop\tps\inf8702\cg\tp2\debug\stringutils.obj
c:\users\utilisateur\desktop\tps\inf8702\cg\tp2\debug\vecteur3.obj
c:\users\utilisateur\desktop\tps\inf8702\cg\tp2\debug\skybox.obj
c:\users\utilisateur\desktop\tps\inf8702\cg\tp2\debug\surfacebsplinaire.obj
c:\users\utilisateur\desktop\tps\inf8702\cg\tp2\debug\texture2d.obj
c:\users\utilisateur\desktop\tps\inf8702\cg\tp2\debug\textureabstraite.obj
c:\users\utilisateur\desktop\tps\inf8702\cg\tp2\debug\texturecubemap.obj
c:\users\utilisateur\desktop\tps\inf8702\cg\tp2\debug\var.obj
c:\users\utilisateur\desktop\tps\inf8702\cg\tp2\debug\noise.obj
c:\users\utilisateur\desktop\tps\inf8702\cg\tp2\debug\textfile.obj
c:\users\utilisateur\desktop\tps\inf8702\cg\tp2\debug\cst.obj
c:\users\utilisateur\desktop\tps\inf8702\tp2\tp2\debug\tp2.ilk
c:\users\utilisateur\desktop\tps\inf8702\tp2\tp2\debug\tp2.exe
c:\users\utilisateur\desktop\tps\inf8702\tp2\tp2\debug\tp2.pdb
c:\users\utilisateur\desktop\tps\inf8702\cg\tp2\debug\tp2.pdb
c:\users\utilisateur\desktop\tps\inf8702\cg\tp2\debug\tp2.tlog\cl.command.1.tlog
c:\users\utilisateur\desktop\tps\inf8702\cg\tp2\debug\tp2.tlog\cl.read.1.tlog
c:\users\utilisateur\desktop\tps\inf8702\cg\tp2\debug\tp2.tlog\cl.write.1.tlog
c:\users\utilisateur\desktop\tps\inf8702\cg\tp2\debug\tp2.tlog\link-cvtres.read.1.tlog
c:\users\utilisateur\desktop\tps\inf8702\cg\tp2\debug\tp2.tlog\link-cvtres.write.1.tlog
c:\users\utilisateur\desktop\tps\inf8702\cg\tp2\debug\tp2.tlog\link-rc.read.1.tlog
c:\users\utilisateur\desktop\tps\inf8702\cg\tp2\debug\tp2.tlog\link-rc.write.1.tlog
c:\users\utilisateur\desktop\tps\inf8702\cg\tp2\debug\tp2.tlog\link.19376-cvtres.read.1.tlog
c:\users\utilisateur\desktop\tps\inf8702\cg\tp2\debug\tp2.tlog\link.19376-cvtres.write.1.tlog
c:\users\utilisateur\desktop\tps\inf8702\cg\tp2\debug\tp2.tlog\link.19376-rc.read.1.tlog
c:\users\utilisateur\desktop\tps\inf8702\cg\tp2\debug\tp2.tlog\link.19376-rc.write.1.tlog
c:\users\utilisateur\desktop\tps\inf8702\cg\tp2\debug\tp2.tlog\link.19376.delete.1.tlog
c:\users\utilisateur\desktop\tps\inf8702\cg\tp2\debug\tp2.tlog\link.19376.read.1.tlog
c:\users\utilisateur\desktop\tps\inf8702\cg\tp2\debug\tp2.tlog\link.19376.write.1.tlog
c:\users\utilisateur\desktop\tps\inf8702\cg\tp2\debug\tp2.tlog\link.command.1.tlog
c:\users\utilisateur\desktop\tps\inf8702\cg\tp2\debug\tp2.tlog\link.delete.1.tlog
c:\users\utilisateur\desktop\tps\inf8702\cg\tp2\debug\tp2.tlog\link.read.1.tlog
c:\users\utilisateur\desktop\tps\inf8702\cg\tp2\debug\tp2.tlog\link.write.1.tlog
