cl : command line warning D9035: option 'Gm' has been deprecated and will be removed in a future release
  textfile.cpp
  noise.cpp
C:\Users\tran9\Desktop\cg\TP2\noise.cpp(408,29): warning C4305: '=': truncation from 'double' to 'float'
C:\Users\tran9\Desktop\cg\TP2\noise.cpp(414,29): warning C4305: '=': truncation from 'double' to 'float'
  Var.cpp
  TextureCubemap.cpp
  TextureAbstraite.cpp
  Texture2D.cpp
  SurfaceBSplinaire.cpp
  Skybox.cpp
  Vecteur3.cpp
C:\Users\tran9\Desktop\cg\TP2\ObjParser\MathUtils.h(27,18): warning C4305: 'initializing': truncation from 'double' to 'const Math3D::REAL'
  StringUtils.cpp
  ParserTextAbstrait.cpp
  ObjParser.cpp
C:\Users\tran9\Desktop\cg\TP2\ObjParser\MathUtils.h(27,18): warning C4305: 'initializing': truncation from 'double' to 'const Math3D::REAL'
  NuanceurProg.cpp
  Modele3DOBJ.cpp
  Modele3DAbstrait.cpp
  Materiau.cpp
  main.cpp
C:\Users\tran9\Desktop\cg\TP2\main.cpp(328,31): warning C4244: 'argument': conversion from 'double' to 'GLfloat', possible loss of data
C:\Users\tran9\Desktop\cg\TP2\main.cpp(820,76): warning C4244: '+=': conversion from 'double' to 'float', possible loss of data
C:\Users\tran9\Desktop\cg\TP2\main.cpp(821,75): warning C4244: '+=': conversion from 'double' to 'float', possible loss of data
  Lumiere.cpp
  GrilleQuads.cpp
  Gazon.cpp
  Generating Code...
  Compiling...
  Cst.cpp
  Generating Code...
Cst.obj : warning LNK4075: ignoring '/EDITANDCONTINUE' due to '/SAFESEH' specification
LINK : warning LNK4098: defaultlib 'MSVCRT' conflicts with use of other libs; use /NODEFAULTLIB:library
  TP2.vcxproj -> C:\Users\tran9\Desktop\cg\TP2\Debug\TP2.exe
