c:\users\tran9\desktop\cg\tp3\tp3\tp3\debug\vc142.pdb
c:\users\tran9\desktop\cg\tp3\tp3\tp3\debug\vc142.idb
c:\users\tran9\desktop\cg\tp3\tp3\tp3\debug\couleur.obj
c:\users\tran9\desktop\cg\tp3\tp3\tp3\debug\intersection.obj
c:\users\tran9\desktop\cg\tp3\tp3\tp3\debug\isurface.obj
c:\users\tran9\desktop\cg\tp3\tp3\tp3\debug\lumiere.obj
c:\users\tran9\desktop\cg\tp3\tp3\tp3\debug\main.obj
c:\users\tran9\desktop\cg\tp3\tp3\tp3\debug\matrice4.obj
c:\users\tran9\desktop\cg\tp3\tp3\tp3\debug\nuanceurprog.obj
c:\users\tran9\desktop\cg\tp3\tp3\tp3\debug\plan.obj
c:\users\tran9\desktop\cg\tp3\tp3\tp3\debug\quadrique.obj
c:\users\tran9\desktop\cg\tp3\tp3\tp3\debug\rayon.obj
c:\users\tran9\desktop\cg\tp3\tp3\tp3\debug\scene.obj
c:\users\tran9\desktop\cg\tp3\tp3\tp3\debug\stringutils.obj
c:\users\tran9\desktop\cg\tp3\tp3\tp3\debug\triangle.obj
c:\users\tran9\desktop\cg\tp3\tp3\tp3\debug\var.obj
c:\users\tran9\desktop\cg\tp3\tp3\tp3\debug\textfile.obj
c:\users\tran9\desktop\cg\tp3\tp3\tp3\debug\vecteur3.obj
c:\users\tran9\desktop\cg\tp3\tp3\tp3\debug\tp3.exe
c:\users\tran9\desktop\cg\tp3\tp3\tp3\debug\tp3.ilk
c:\users\tran9\desktop\cg\tp3\tp3\tp3\debug\tp3.pdb
c:\users\tran9\downloads\cg\tp3\tp3\tp3\debug\couleur.obj
c:\users\tran9\downloads\cg\tp3\tp3\tp3\debug\intersection.obj
c:\users\tran9\downloads\cg\tp3\tp3\tp3\debug\isurface.obj
c:\users\tran9\downloads\cg\tp3\tp3\tp3\debug\lumiere.obj
c:\users\tran9\downloads\cg\tp3\tp3\tp3\debug\main.obj
c:\users\tran9\downloads\cg\tp3\tp3\tp3\debug\matrice4.obj
c:\users\tran9\downloads\cg\tp3\tp3\tp3\debug\nuanceurprog.obj
c:\users\tran9\downloads\cg\tp3\tp3\tp3\debug\plan.obj
c:\users\tran9\downloads\cg\tp3\tp3\tp3\debug\quadrique.obj
c:\users\tran9\downloads\cg\tp3\tp3\tp3\debug\rayon.obj
c:\users\tran9\downloads\cg\tp3\tp3\tp3\debug\scene.obj
c:\users\tran9\downloads\cg\tp3\tp3\tp3\debug\stringutils.obj
c:\users\tran9\downloads\cg\tp3\tp3\tp3\debug\textfile.obj
c:\users\tran9\downloads\cg\tp3\tp3\tp3\debug\triangle.obj
c:\users\tran9\downloads\cg\tp3\tp3\tp3\debug\var.obj
c:\users\tran9\downloads\cg\tp3\tp3\tp3\debug\vecteur3.obj
c:\users\tran9\downloads\cg\tp3\tp3\tp3\debug\tp3.ilk
c:\users\tran9\downloads\cg\tp3\tp3\tp3\debug\vc142.idb
c:\users\tran9\downloads\cg\tp3\tp3\tp3\debug\tp3.pdb
c:\users\tran9\downloads\cg\tp3\tp3\tp3\debug\vc142.pdb
c:\users\tran9\downloads\cg\tp3\tp3\tp3\debug\tp3.exe
c:\users\tran9\downloads\cg\tp3\tp3\tp3\debug\tp3.tlog\cl.command.1.tlog
c:\users\tran9\downloads\cg\tp3\tp3\tp3\debug\tp3.tlog\cl.read.1.tlog
c:\users\tran9\downloads\cg\tp3\tp3\tp3\debug\tp3.tlog\cl.write.1.tlog
c:\users\tran9\downloads\cg\tp3\tp3\tp3\debug\tp3.tlog\link.command.1.tlog
c:\users\tran9\downloads\cg\tp3\tp3\tp3\debug\tp3.tlog\link.read.1.tlog
c:\users\tran9\downloads\cg\tp3\tp3\tp3\debug\tp3.tlog\link.write.1.tlog
